<?xml version="1.0" encoding="UTF-8"?>
<!-- Generated by org.testng.reporters.JUnitReportReporter -->
<testsuite hostname="LAPTOP-88CEBAL6" failures="0" tests="1" name="tests.flipkartTest" time="18.817" errors="0" timestamp="2025-02-05T14:25:50 IST" skipped="0">
  <testcase classname="tests.flipkartTest" name="testSearchProductInMobileCategory" time="18.817"/>
  <system-out/>
</testsuite> <!-- tests.flipkartTest -->
